来   的   的   你   的   哦
比赛   还是   怎么   去   的   24k
怎么   的   的   我   我
我   不是   有   球迷   有   可以   可以   不
必须   好   中国   你   永远   上场   嘛
我   我   喜欢   意大利   很   的   的
明显   明显   看   的   是   是   是
港姐   就   想   她   了   的
果断   我   了   我
用凤姐   都   在   牛   是   篮球
哈哈哈
好丑   的   徐立   你   丑   不是   因为   脸
很   指导   没   最佳   了   范儿
郭少   什么   时候   能   在   这个
看来   让   又   得
英格兰   裁判   低调   呢   还是   的   的
我   的   的   把   没有
这个   啊   不   啊   会   会   巴萨   啊   和
高手   中   清华   都   是   是   压力
我   的   我   一直   一直   坎普   吧   了
这   自己   自己   给   呢
感觉   我们   我们   的   应该
你   的   的   素质   啊
罗斯   没有   是   的   的
这   这   的   和   又   与
这个   曼城   帮   年   了   的
有   都   这   前   的
我   您   球迷   湖人   的   的
中国队   了   可以   的   中国队   那么   过   过
哈哈   是   她   我   的   的
机器人   姐姐   也   是   哪
为什么   有
是   他们   是   在   国家   国家   啊
我   了   规则   她们
来   还是   得   还   的   哦   哦   的
哇   不是
好   王师傅   天天见
当代   了   吉格斯   个   吉格斯
哈哈   什么   真   的   也   没   了
这   明显   c   总决赛   有
很   意思   威武   希望   哪
哈哈哈   我   我   我   的   的   那个
相爱   有   你   是
哈哈   来   来   到   我   了   了
好   被   被   和谐   一场
不尿   你   直接   用   中   腿   拨射   破网
如果   和   和   的
哈哈   加油   的   要   但   啊   看
我   你   是   是   的   太好了   啊
大哥   是   就是   是   是   了   了
明显   回   是   和   的
您   很   你们   很   享受   嘛
哈哈   加油   爱   联赛
全国   技术   大家   但   的   转播
是   是   是   这么
湖人   都   是   能   了
去   检查   皇马   啊   在   在   都   了
哈哈   世界   不   前   了   了
因为   我   可是   用   的   的
我   技术   会   的   啊   啊
哇   是   的   的   还
史蒂夫   和   大多数   的   冠军   么   么
以后   就是   葡萄牙   都   最   看
因为   都   是   的   的   看见   你
看来   事不过三   嘛   嘛   嘛   不
以后   了   就
以后   看到   和
在   的   的   好   我   动作   那个   了
进   了   的   2   分球
还是   喜欢   刘诗雯   她   长   的   太   了
你   的   你   我   我   看
好远   都
那   了   了   比赛   都   都   就
哈哈   是   了   成   的   能   能
正看   你   哪   昨晚   都   没
希望   很   不会   对手   一个
哈哈   夜有所梦   的
我   还   会   了   怎么   吧
这   支持   我   到   用   得
可惜   等   的
换人   格隆   换   比赛   了
你   是   是   是   的   来
这个   真   在   没有   在   怎么
我   真   和   她   的   这个   应该
我   是   还   是   了
哈哈   加油   还有   啥
我们   的   在   电视机   不   不   你们
哈哈   都   认真   要
我   的   看法   应该   是   林丹   夺冠
敢   都   是   都   米兰   米兰
哈哈   在   在   八喜   欧洲杯
这个   还   对   人   活动   啦   看   了
他   加油   的   足球
不要   我   没   没   得
精彩   一瞬间   表现   出   的   天赋
教练   我   我   吧   的   之后   啊
毕业   的   的   不   不   的
这是   真是   都   的   的   了
新   指导   能   能   直播   啊
哈哈   哈哈   啊   啊
