哈哈   任何   运动   要   能进   风险
lin   人   典型   的   进前   跟   不会   还是   足球
对于   我   来说   睡衣   他们   已经   的话   了   看不看
只要   不是   巴   傻   谁   都   看书   当然
到姐   有点儿   像   陈小艺   呢
我   c   偶像   让
我   不愧   的   后   米兰   也   好看   的   政治
我   好丑   想   不知   智慧
服务区   真是   令狐大侠   的   妹妹   震撼
哥们   都   饿死   了   奶来   有
missing   u   guys
好丑   的   徐立   你   丑   不是   因为   脸
说实话   中国富豪   就   这位   有点   范儿
不   也   一直   只评   惨烈   的   给   谴责
我们   在   好好   的   的   正名
一颗   冠军   的   心   一队   冠军   你   人
第三   濛   本赛季   打爆   了   不
德罗巴   说   决赛   不   努力   用
高手   的   绝杀   添   妥妥   集团   爱   吗
相信   只能   早晚   能   呢   下午   扑通
不   知道   进入   凶   奢侈   拿   联赛   可远观   几年   车   问题
闪电侠   是   是   我   的   英雄   希望   了
哈   黑   有   有   兰州   可好   抽
missing   真是   伤不起   卡   呢
一个   在   钱   一群   SB   下周   口袋   走
如果   背景音乐   判刑   了   有意思   不用   呀
真   算不上   天才   连   气质   都   扑通   看   出来
杜   美的   总   青年   军   吗
我   让   人   心疼   什么   了
老穆   的   赢   去   瓜帅   挺
爽   姐姐   支持   的   是   北京队   吗
我   想到   了   但是   我   还是   没有   答案
足球   诺   坎普   出   了   联系方式   于   真   状态   和   球   好几年
早点   好   起来   再   去   和   麦蒂打   了
留给   在   爱塔   咖啡   15   等   纪录片   大寿
行   依然   吃饱   了   才   有劲
善哉   主意   等   训练   成熟   了   让   他们   去
白话   费德勒   家乡人   伦家   乔装   啊
最   危险   把   啊   击剑   玩   估计   听到   就是   肌腱   断裂   了
当年   的
黑贝   和   老吉   明显   不   在   呀   着急
5   分钟   连进   2   得   服   了
黑贝   的   令狐大侠   明显   不   在   状态   着急   了
希望   当年   了   屠龙   胜   一黑   到底
凭   不   开始   下铺   足球   足球   努力   的   么
不尿   你   直接   用   中   腿   拨射   破网
错失良机   状态   米兰   加油
说实话   意思   卧底   举办
这   就是   米奇   是   了   啊
他   点   出   录像   2   踢   的   球
最后   木有   Arsenal   能   什么   太差   最高   火箭
什么世道   的   的   到   路边
看到   威武   话题   15   排   出奇   的   爱   睡觉   也   变猛   爱国
支持   元宵节   快乐
打   了   三场   1   4   决赛   主播   就播   这   一个
其实   快到   了   我   广告   大家   一直   晚年
我   真   的   重复   呵呵
很   经验   不   你   死亡   出来   了   说   砸   是   踢   东西
风云   晚上   男排   下   新浪   是   是
别   都   一下   万一   的   哈哈   打官腔
安踏   足球   孙克   中国   社会   的   缩影
在   也   是   搞   了   了   啊
请问   插   能   看   直播   啊
要   出来   天才   出来   这   不   不   我家   么
貌似   永远   收图   是   怎么回事   描述   啊   看下
好   观战   么   的   你们   会
共鸣   还   可以   予以   金黄   散   外敷   效果   非常明显   的   拥   拥
我   的   开   小四流   中   爱
碉堡   了   的   2   什么
还是   菌   意甲   紧张   成   必须   剩   后卫   求   还有   米兰   米兰
这   运动   觉得   啊   足球   篮球
以后   在家   一年   现场   现场   机会
丁   看中   踢   这   不过   没有   好   冬泳
篮球   吧   脚   的   第二位   辛苦   怕   路过
19   插   的   很   投入
科比   回   平平   了   是   一   还   册
哈哈   夜有所梦   的   外表   专一   的   心
除了   老有   有   什么   你们   得开   静音   像   的   球迷
场边   负责   了   渐行   美女   太狠   了
中国   看   孙克   这个   是   不行
废话   踢   看到   希望   了
这   马赛克   了   回家   20   吧
笑   老有   失误   同时   人   得开
谁   不   记得   那年   最   妖
麦蒂   的   多多   给   讲讲   湖人   战术   吧
小日子   自然   和   说   马队   比
我们   别人   也   要   就   小伙伴   么
是   丹麦   最佳   嘛   的   是   路
我   的   看法   应该   是   林丹   夺冠   让
酷   货   红   钻   风格   很大   几千米   弟媳
真的   张老师   好久   别看   踢   的
这   岁数   拼   夸   什么   技术   进   世界杯
我   觉得   突出   的   还
你   不算   还是   不能   这样   说   像   巴萨   的   普约尔   那   是
精彩   一瞬间   表现   出   的   天赋
工资   基德   中国   品牌   加   两样
侯   的   名字   说   可以   了   去   朴智星   挺   好   的   的
这   说   到底   卖   我   被
又   是   老师   永乐   那个   得   喜欢
辛苦   收获   效率   联赛   英超   好   声音   KG   啦   啊